[ 2016-07-30T09:56:31+08:00 ] ::1 /dzq_api/index.php/admin/public/login
INFO: [ app_init ] --START--
INFO: Run Behavior\BuildLiteBehavior [ RunTime:0.000026s ]
INFO: [ app_init ] --END-- [ RunTime:0.001013s ]
INFO: [ app_begin ] --START--
INFO: Run Behavior\ReadHtmlCacheBehavior [ RunTime:0.059547s ]
INFO: [ app_begin ] --END-- [ RunTime:0.059676s ]
INFO: [ view_parse ] --START--
INFO: [ template_filter ] --START--
INFO: Run Behavior\ContentReplaceBehavior [ RunTime:0.000092s ]
INFO: [ template_filter ] --END-- [ RunTime:0.000224s ]
NOTIC: [8] Undefined variable: msg D:\wamp\www\dzq_api\Runtime\Cache\Admin\3c5566b2bfbf6ef00ac5366ba47246fe.php 第 55 行.
INFO: Run Behavior\ParseTemplateBehavior [ RunTime:0.089131s ]
INFO: [ view_parse ] --END-- [ RunTime:0.089254s ]
INFO: [ view_filter ] --START--
INFO: Run Behavior\WriteHtmlCacheBehavior [ RunTime:0.000889s ]
INFO: [ view_filter ] --END-- [ RunTime:0.001059s ]
INFO: [ app_end ] --START--
INFO: Run Behavior\ShowPageTraceBehavior [ RunTime:0.001149s ]
INFO: [ app_end ] --END-- [ RunTime:0.001261s ]

[ 2016-07-30T09:56:31+08:00 ] ::1 /dzq_api/index.php/Admin/Public/verify
INFO: [ app_init ] --START--
INFO: Run Behavior\BuildLiteBehavior [ RunTime:0.000025s ]
INFO: [ app_init ] --END-- [ RunTime:0.000482s ]
INFO: [ app_begin ] --START--
INFO: Run Behavior\ReadHtmlCacheBehavior [ RunTime:0.000883s ]
INFO: [ app_begin ] --END-- [ RunTime:0.001040s ]
INFO: [ app_end ] --START--
INFO: Run Behavior\ShowPageTraceBehavior [ RunTime:0.000750s ]
INFO: [ app_end ] --END-- [ RunTime:0.000901s ]

[ 2016-07-30T09:56:40+08:00 ] ::1 /dzq_api/index.php/Admin/Public/login
INFO: [ app_init ] --START--
INFO: Run Behavior\BuildLiteBehavior [ RunTime:0.000028s ]
INFO: [ app_init ] --END-- [ RunTime:0.000569s ]
INFO: [ app_begin ] --START--
INFO: Run Behavior\ReadHtmlCacheBehavior [ RunTime:0.000625s ]
INFO: [ app_begin ] --END-- [ RunTime:0.000748s ]
SQL: SHOW COLUMNS FROM `admin` [ RunTime:0.0193s ]
SQL: SELECT `password` FROM `admin` WHERE `account` = '123456' AND `status` = 1 LIMIT 1   [ RunTime:0.0171s ]

[ 2016-07-30T09:56:40+08:00 ] ::1 /dzq_api/index.php/Admin/Public/home
INFO: [ app_init ] --START--
INFO: Run Behavior\BuildLiteBehavior [ RunTime:0.000025s ]
INFO: [ app_init ] --END-- [ RunTime:0.000489s ]
INFO: [ app_begin ] --START--
INFO: Run Behavior\ReadHtmlCacheBehavior [ RunTime:0.000546s ]
INFO: [ app_begin ] --END-- [ RunTime:0.000662s ]
SQL: SHOW COLUMNS FROM `introduce` [ RunTime:0.0199s ]
SQL: SELECT * FROM `introduce` LIMIT 1   [ RunTime:0.0176s ]
INFO: [ view_parse ] --START--
INFO: [ template_filter ] --START--
INFO: Run Behavior\ContentReplaceBehavior [ RunTime:0.000178s ]
INFO: [ template_filter ] --END-- [ RunTime:0.000385s ]
INFO: Run Behavior\ParseTemplateBehavior [ RunTime:0.097016s ]
INFO: [ view_parse ] --END-- [ RunTime:0.097135s ]
INFO: [ view_filter ] --START--
INFO: Run Behavior\WriteHtmlCacheBehavior [ RunTime:0.000488s ]
INFO: [ view_filter ] --END-- [ RunTime:0.000589s ]
INFO: [ app_end ] --START--
INFO: Run Behavior\ShowPageTraceBehavior [ RunTime:0.000662s ]
INFO: [ app_end ] --END-- [ RunTime:0.000779s ]

[ 2016-07-30T09:56:43+08:00 ] ::1 /dzq_api/index.php/Admin/User/manager
INFO: [ app_init ] --START--
INFO: Run Behavior\BuildLiteBehavior [ RunTime:0.000028s ]
INFO: [ app_init ] --END-- [ RunTime:0.000544s ]
INFO: [ app_begin ] --START--
INFO: Run Behavior\ReadHtmlCacheBehavior [ RunTime:0.000723s ]
INFO: [ app_begin ] --END-- [ RunTime:0.000855s ]
NOTIC: [8] Undefined index: nickname D:\wamp\www\dzq_api\Application\Admin\Controller\UserController.class.php 第 9 行.
NOTIC: [8] Undefined index: nickname D:\wamp\www\dzq_api\Application\Admin\Controller\UserController.class.php 第 16 行.
SQL: SHOW COLUMNS FROM `admin` [ RunTime:0.0244s ]
SQL: SELECT COUNT(*) AS tp_count FROM `admin` WHERE `status` = 1 LIMIT 1   [ RunTime:0.0208s ]
SQL: SELECT `id`,`name`,`account`,`password`,`token`,`avatar`,`age`,`sex`,`phone`,`email`,`status`,`logo_time` FROM `admin` WHERE `status` = 1 ORDER BY id asc LIMIT 0,10   [ RunTime:0.0222s ]
INFO: [ view_parse ] --START--
INFO: [ template_filter ] --START--
INFO: Run Behavior\ContentReplaceBehavior [ RunTime:0.000133s ]
INFO: [ template_filter ] --END-- [ RunTime:0.000247s ]
INFO: Run Behavior\ParseTemplateBehavior [ RunTime:0.024829s ]
INFO: [ view_parse ] --END-- [ RunTime:0.024999s ]
INFO: [ view_filter ] --START--
INFO: Run Behavior\WriteHtmlCacheBehavior [ RunTime:0.000753s ]
INFO: [ view_filter ] --END-- [ RunTime:0.000942s ]
INFO: [ app_end ] --START--
INFO: Run Behavior\ShowPageTraceBehavior [ RunTime:0.001123s ]
INFO: [ app_end ] --END-- [ RunTime:0.001316s ]

[ 2016-07-30T21:25:56+08:00 ] ::1 /dzq_api/index.php/Admin/Spectrum/index
INFO: [ app_init ] --START--
INFO: Run Behavior\BuildLiteBehavior [ RunTime:0.000029s ]
INFO: [ app_init ] --END-- [ RunTime:0.000585s ]
INFO: [ app_begin ] --START--
INFO: Run Behavior\ReadHtmlCacheBehavior [ RunTime:0.000657s ]
INFO: [ app_begin ] --END-- [ RunTime:0.000772s ]
NOTIC: [2048] Declaration of Admin\Controller\SpectrumController::show() should be compatible with Think\Controller::show($content, $charset = '', $contentType = '', $prefix = '') D:\wamp\www\dzq_api\Application\Admin\Controller\SpectrumController.class.php 第 11 行.
NOTIC: [8] Undefined index: nickname D:\wamp\www\dzq_api\Application\Admin\Controller\SpectrumController.class.php 第 19 行.
SQL: SHOW COLUMNS FROM `category` [ RunTime:1.0181s ]
SQL: SELECT COUNT(*) AS tp_count FROM `category` LIMIT 1   [ RunTime:0.0207s ]
SQL: SELECT `ca_id`,`ca_type`,`ca_count`,`ca_cover_img` FROM `category` ORDER BY ca_id asc LIMIT 0,10   [ RunTime:0.0413s ]
NOTIC: [8] Use of undefined constant ca_cover_img - assumed 'ca_cover_img' D:\wamp\www\dzq_api\Application\Admin\Controller\SpectrumController.class.php 第 22 行.
NOTIC: [8] Use of undefined constant ca_cover_img - assumed 'ca_cover_img' D:\wamp\www\dzq_api\Application\Admin\Controller\SpectrumController.class.php 第 22 行.
NOTIC: [8] Use of undefined constant ca_cover_img - assumed 'ca_cover_img' D:\wamp\www\dzq_api\Application\Admin\Controller\SpectrumController.class.php 第 22 行.
NOTIC: [8] Use of undefined constant ca_cover_img - assumed 'ca_cover_img' D:\wamp\www\dzq_api\Application\Admin\Controller\SpectrumController.class.php 第 22 行.
NOTIC: [8] Use of undefined constant ca_cover_img - assumed 'ca_cover_img' D:\wamp\www\dzq_api\Application\Admin\Controller\SpectrumController.class.php 第 22 行.
NOTIC: [8] Use of undefined constant ca_cover_img - assumed 'ca_cover_img' D:\wamp\www\dzq_api\Application\Admin\Controller\SpectrumController.class.php 第 22 行.
NOTIC: [8] Use of undefined constant ca_cover_img - assumed 'ca_cover_img' D:\wamp\www\dzq_api\Application\Admin\Controller\SpectrumController.class.php 第 22 行.
NOTIC: [8] Use of undefined constant ca_cover_img - assumed 'ca_cover_img' D:\wamp\www\dzq_api\Application\Admin\Controller\SpectrumController.class.php 第 22 行.
NOTIC: [8] Use of undefined constant ca_cover_img - assumed 'ca_cover_img' D:\wamp\www\dzq_api\Application\Admin\Controller\SpectrumController.class.php 第 22 行.
NOTIC: [8] Use of undefined constant ca_cover_img - assumed 'ca_cover_img' D:\wamp\www\dzq_api\Application\Admin\Controller\SpectrumController.class.php 第 22 行.
NOTIC: [8] Use of undefined constant ca_cover_img - assumed 'ca_cover_img' D:\wamp\www\dzq_api\Application\Admin\Controller\SpectrumController.class.php 第 22 行.
NOTIC: [8] Use of undefined constant ca_cover_img - assumed 'ca_cover_img' D:\wamp\www\dzq_api\Application\Admin\Controller\SpectrumController.class.php 第 22 行.
NOTIC: [8] Use of undefined constant ca_cover_img - assumed 'ca_cover_img' D:\wamp\www\dzq_api\Application\Admin\Controller\SpectrumController.class.php 第 22 行.
NOTIC: [8] Use of undefined constant ca_cover_img - assumed 'ca_cover_img' D:\wamp\www\dzq_api\Application\Admin\Controller\SpectrumController.class.php 第 22 行.
NOTIC: [8] Use of undefined constant ca_cover_img - assumed 'ca_cover_img' D:\wamp\www\dzq_api\Application\Admin\Controller\SpectrumController.class.php 第 22 行.
NOTIC: [8] Use of undefined constant ca_cover_img - assumed 'ca_cover_img' D:\wamp\www\dzq_api\Application\Admin\Controller\SpectrumController.class.php 第 22 行.
NOTIC: [8] Use of undefined constant ca_cover_img - assumed 'ca_cover_img' D:\wamp\www\dzq_api\Application\Admin\Controller\SpectrumController.class.php 第 22 行.
NOTIC: [8] Use of undefined constant ca_cover_img - assumed 'ca_cover_img' D:\wamp\www\dzq_api\Application\Admin\Controller\SpectrumController.class.php 第 22 行.
NOTIC: [8] Use of undefined constant ca_cover_img - assumed 'ca_cover_img' D:\wamp\www\dzq_api\Application\Admin\Controller\SpectrumController.class.php 第 22 行.
NOTIC: [8] Use of undefined constant ca_cover_img - assumed 'ca_cover_img' D:\wamp\www\dzq_api\Application\Admin\Controller\SpectrumController.class.php 第 22 行.
INFO: [ view_parse ] --START--
INFO: [ template_filter ] --START--
INFO: Run Behavior\ContentReplaceBehavior [ RunTime:0.000147s ]
INFO: [ template_filter ] --END-- [ RunTime:0.000267s ]
INFO: Run Behavior\ParseTemplateBehavior [ RunTime:0.041521s ]
INFO: [ view_parse ] --END-- [ RunTime:0.041676s ]
INFO: [ view_filter ] --START--
INFO: Run Behavior\WriteHtmlCacheBehavior [ RunTime:0.000778s ]
INFO: [ view_filter ] --END-- [ RunTime:0.000934s ]
INFO: [ app_end ] --START--
INFO: Run Behavior\ShowPageTraceBehavior [ RunTime:0.001326s ]
INFO: [ app_end ] --END-- [ RunTime:0.001523s ]

[ 2016-07-30T21:26:01+08:00 ] ::1 /dzq_api/index.php/Admin/Spectrum/music
INFO: [ app_init ] --START--
INFO: Run Behavior\BuildLiteBehavior [ RunTime:0.000030s ]
INFO: [ app_init ] --END-- [ RunTime:0.000508s ]
INFO: [ app_begin ] --START--
INFO: Run Behavior\ReadHtmlCacheBehavior [ RunTime:0.001188s ]
INFO: [ app_begin ] --END-- [ RunTime:0.001417s ]
NOTIC: [2048] Declaration of Admin\Controller\SpectrumController::show() should be compatible with Think\Controller::show($content, $charset = '', $contentType = '', $prefix = '') D:\wamp\www\dzq_api\Application\Admin\Controller\SpectrumController.class.php 第 11 行.
NOTIC: [8] Undefined index: nickname D:\wamp\www\dzq_api\Application\Admin\Controller\SpectrumController.class.php 第 38 行.
SQL: SHOW COLUMNS FROM `music` [ RunTime:0.3661s ]
SQL: SELECT m.m_id,`m_name`,`m_avatar`,`m_author`,`m_player`,`m_viewer_count`,`m_good_count`,`m_file`,`ca_type` FROM music m INNER JOIN category as c on m.m_type=c.ca_id  ORDER BY m.m_id desc LIMIT 0,5   [ RunTime:0.2903s ]
SQL: SELECT COUNT(*) AS tp_count FROM music m INNER JOIN category as c on m.m_type=c.ca_id  LIMIT 1   [ RunTime:0.3052s ]
INFO: [ view_parse ] --START--
INFO: [ template_filter ] --START--
INFO: Run Behavior\ContentReplaceBehavior [ RunTime:0.000150s ]
INFO: [ template_filter ] --END-- [ RunTime:0.000275s ]
INFO: Run Behavior\ParseTemplateBehavior [ RunTime:0.089670s ]
INFO: [ view_parse ] --END-- [ RunTime:0.089819s ]
INFO: [ view_filter ] --START--
INFO: Run Behavior\WriteHtmlCacheBehavior [ RunTime:0.000665s ]
INFO: [ view_filter ] --END-- [ RunTime:0.000787s ]
INFO: [ app_end ] --START--
INFO: Run Behavior\ShowPageTraceBehavior [ RunTime:0.000928s ]
INFO: [ app_end ] --END-- [ RunTime:0.001117s ]

[ 2016-07-30T21:26:07+08:00 ] ::1 /dzq_api/index.php/Admin/Teaching/index
INFO: [ app_init ] --START--
INFO: Run Behavior\BuildLiteBehavior [ RunTime:0.000046s ]
INFO: [ app_init ] --END-- [ RunTime:0.000898s ]
INFO: [ app_begin ] --START--
INFO: Run Behavior\ReadHtmlCacheBehavior [ RunTime:0.000927s ]
INFO: [ app_begin ] --END-- [ RunTime:0.001066s ]
NOTIC: [8] Undefined index: nickname D:\wamp\www\dzq_api\Application\Admin\Controller\TeachingController.class.php 第 17 行.
SQL: SHOW COLUMNS FROM `teach` [ RunTime:0.1591s ]
SQL: SELECT COUNT(*) AS tp_count FROM `teach` WHERE `title` LIKE '%%' LIMIT 1   [ RunTime:0.0233s ]
SQL: SELECT `id`,`title`,`content` FROM `teach` WHERE `title` LIKE '%%' ORDER BY id desc LIMIT 0,10   [ RunTime:1.9341s ]
INFO: [ view_parse ] --START--
INFO: [ template_filter ] --START--
INFO: Run Behavior\ContentReplaceBehavior [ RunTime:0.000137s ]
INFO: [ template_filter ] --END-- [ RunTime:0.000251s ]
INFO: Run Behavior\ParseTemplateBehavior [ RunTime:0.074826s ]
INFO: [ view_parse ] --END-- [ RunTime:0.074947s ]
INFO: [ view_filter ] --START--
INFO: Run Behavior\WriteHtmlCacheBehavior [ RunTime:0.000830s ]
INFO: [ view_filter ] --END-- [ RunTime:0.000972s ]
INFO: [ app_end ] --START--
INFO: Run Behavior\ShowPageTraceBehavior [ RunTime:0.001453s ]
INFO: [ app_end ] --END-- [ RunTime:0.001678s ]

[ 2016-07-30T21:26:11+08:00 ] ::1 /dzq_api/index.php/Admin/User/personal
INFO: [ app_init ] --START--
INFO: Run Behavior\BuildLiteBehavior [ RunTime:0.000043s ]
INFO: [ app_init ] --END-- [ RunTime:0.000811s ]
INFO: [ app_begin ] --START--
INFO: Run Behavior\ReadHtmlCacheBehavior [ RunTime:0.000725s ]
INFO: [ app_begin ] --END-- [ RunTime:0.000865s ]
SQL: SHOW COLUMNS FROM `user` [ RunTime:0.0289s ]
NOTIC: [8] Undefined index: nickname D:\wamp\www\dzq_api\Application\Admin\Controller\UserController.class.php 第 32 行.
NOTIC: [8] Undefined index: nickname D:\wamp\www\dzq_api\Application\Admin\Controller\UserController.class.php 第 39 行.
SQL: SELECT * FROM `user` WHERE `status` = 1 LIMIT 0,10   [ RunTime:0.0479s ]
SQL: SELECT COUNT(*) AS tp_count FROM `user` WHERE `status` = 1 LIMIT 1   [ RunTime:0.0486s ]
INFO: [ view_parse ] --START--
INFO: [ template_filter ] --START--
INFO: Run Behavior\ContentReplaceBehavior [ RunTime:0.000165s ]
INFO: [ template_filter ] --END-- [ RunTime:0.000376s ]
INFO: Run Behavior\ParseTemplateBehavior [ RunTime:0.075430s ]
INFO: [ view_parse ] --END-- [ RunTime:0.075651s ]
INFO: [ view_filter ] --START--
INFO: Run Behavior\WriteHtmlCacheBehavior [ RunTime:0.000866s ]
INFO: [ view_filter ] --END-- [ RunTime:0.000999s ]
INFO: [ app_end ] --START--
INFO: Run Behavior\ShowPageTraceBehavior [ RunTime:0.000972s ]
INFO: [ app_end ] --END-- [ RunTime:0.001137s ]

