[ 2016-07-17T15:14:44+08:00 ] ::1 /dzq_api/index.php/Admin/Spectrum/addMusic.html
INFO: [ app_init ] --START--
INFO: Run Behavior\BuildLiteBehavior [ RunTime:0.000028s ]
INFO: [ app_init ] --END-- [ RunTime:0.017986s ]
INFO: [ app_begin ] --START--
INFO: Run Behavior\ReadHtmlCacheBehavior [ RunTime:0.018616s ]
INFO: [ app_begin ] --END-- [ RunTime:0.018748s ]
NOTIC: [2048] Declaration of Admin\Controller\SpectrumController::show() should be compatible with Think\Controller::show($content, $charset = '', $contentType = '', $prefix = '') D:\wamp\www\dzq_api\Application\Admin\Controller\SpectrumController.class.php 第 11 行.

[ 2016-07-17T15:14:44+08:00 ] ::1 /dzq_api/index.php/Admin/Public/login
INFO: [ app_init ] --START--
INFO: Run Behavior\BuildLiteBehavior [ RunTime:0.000026s ]
INFO: [ app_init ] --END-- [ RunTime:0.000573s ]
INFO: [ app_begin ] --START--
INFO: Run Behavior\ReadHtmlCacheBehavior [ RunTime:0.000647s ]
INFO: [ app_begin ] --END-- [ RunTime:0.000762s ]
INFO: [ view_parse ] --START--
INFO: [ template_filter ] --START--
INFO: Run Behavior\ContentReplaceBehavior [ RunTime:0.000138s ]
INFO: [ template_filter ] --END-- [ RunTime:0.000327s ]
NOTIC: [8] Undefined variable: msg D:\wamp\www\dzq_api\Runtime\Cache\Admin\3c5566b2bfbf6ef00ac5366ba47246fe.php 第 55 行.
INFO: Run Behavior\ParseTemplateBehavior [ RunTime:0.092362s ]
INFO: [ view_parse ] --END-- [ RunTime:0.092477s ]
INFO: [ view_filter ] --START--
INFO: Run Behavior\WriteHtmlCacheBehavior [ RunTime:0.012858s ]
INFO: [ view_filter ] --END-- [ RunTime:0.012974s ]
INFO: [ app_end ] --START--
INFO: Run Behavior\ShowPageTraceBehavior [ RunTime:0.001616s ]
INFO: [ app_end ] --END-- [ RunTime:0.001747s ]

[ 2016-07-17T15:14:45+08:00 ] ::1 /dzq_api/index.php/Admin/Public/verify
INFO: [ app_init ] --START--
INFO: Run Behavior\BuildLiteBehavior [ RunTime:0.000026s ]
INFO: [ app_init ] --END-- [ RunTime:0.000467s ]
INFO: [ app_begin ] --START--
INFO: Run Behavior\ReadHtmlCacheBehavior [ RunTime:0.000555s ]
INFO: [ app_begin ] --END-- [ RunTime:0.000718s ]
INFO: [ app_end ] --START--
INFO: Run Behavior\ShowPageTraceBehavior [ RunTime:0.000902s ]
INFO: [ app_end ] --END-- [ RunTime:0.001082s ]

